# JRE version: Java(TM) SE Runtime Environment (8.0_171-b11) (build 1.8.0_171-b11)
# Java VM: Java HotSpot(TM) 64-Bit Server VM (25.171-b11 mixed mode windows-amd64 compressed oops)
Heap:
 PSYoungGen      total 263680K, used 95184K [0x00000000d5e00000, 0x00000000e7200000, 0x0000000100000000)
  eden space 251392K, 33% used [0x00000000d5e00000,0x00000000daf3b6d8,0x00000000e5380000)
  from space 12288K, 97% used [0x00000000e6600000,0x00000000e71b8958,0x00000000e7200000)
  to   space 14336K, 0% used [0x00000000e5600000,0x00000000e5600000,0x00000000e6400000)
 ParOldGen       total 68096K, used 22971K [0x0000000081a00000, 0x0000000085c80000, 0x00000000d5e00000)
  object space 68096K, 33% used [0x0000000081a00000,0x000000008306ee30,0x0000000085c80000)
 Metaspace       used 48363K, capacity 51474K, committed 51840K, reserved 1093632K
  class space    used 6621K, capacity 7173K, committed 7296K, reserved 1048576K
GC Heap History (10 events):
Event: 12.884 GC heap before
{Heap before GC invocations=10 (full 1):
 PSYoungGen      total 126976K, used 126790K [0x00000000d5e00000, 0x00000000dea00000, 0x0000000100000000)
  eden space 122368K, 100% used [0x00000000d5e00000,0x00000000dd580000,0x00000000dd580000)
  from space 4608K, 95% used [0x00000000de580000,0x00000000de9d1a90,0x00000000dea00000)
  to   space 7680K, 0% used [0x00000000ddb00000,0x00000000ddb00000,0x00000000de280000)
 ParOldGen       total 45056K, used 5537K [0x0000000081a00000, 0x0000000084600000, 0x00000000d5e00000)
  object space 45056K, 12% used [0x0000000081a00000,0x0000000081f685b0,0x0000000084600000)
 Metaspace       used 28726K, capacity 30472K, committed 30592K, reserved 1075200K
  class space    used 3775K, capacity 4122K, committed 4224K, reserved 1048576K
Event: 12.900 GC heap after
Heap after GC invocations=10 (full 1):
 PSYoungGen      total 135680K, used 7658K [0x00000000d5e00000, 0x00000000e2580000, 0x0000000100000000)
  eden space 128000K, 0% used [0x00000000d5e00000,0x00000000d5e00000,0x00000000ddb00000)
  from space 7680K, 99% used [0x00000000ddb00000,0x00000000de27aa10,0x00000000de280000)
  to   space 10240K, 0% used [0x00000000e1b80000,0x00000000e1b80000,0x00000000e2580000)
 ParOldGen       total 45056K, used 9597K [0x0000000081a00000, 0x0000000084600000, 0x00000000d5e00000)
  object space 45056K, 21% used [0x0000000081a00000,0x000000008235f7b0,0x0000000084600000)
 Metaspace       used 28726K, capacity 30472K, committed 30592K, reserved 1075200K
  class space    used 3775K, capacity 4122K, committed 4224K, reserved 1048576K
}
Event: 15.580 GC heap before
{Heap before GC invocations=11 (full 1):
 PSYoungGen      total 135680K, used 121545K [0x00000000d5e00000, 0x00000000e2580000, 0x0000000100000000)
  eden space 128000K, 88% used [0x00000000d5e00000,0x00000000dcd37cd0,0x00000000ddb00000)
  from space 7680K, 99% used [0x00000000ddb00000,0x00000000de27aa10,0x00000000de280000)
  to   space 10240K, 0% used [0x00000000e1b80000,0x00000000e1b80000,0x00000000e2580000)
 ParOldGen       total 45056K, used 9597K [0x0000000081a00000, 0x0000000084600000, 0x00000000d5e00000)
  object space 45056K, 21% used [0x0000000081a00000,0x000000008235f7b0,0x0000000084600000)
 Metaspace       used 33436K, capacity 35440K, committed 35496K, reserved 1079296K
  class space    used 4436K, capacity 4808K, committed 4864K, reserved 1048576K
Event: 15.597 GC heap after
Heap after GC invocations=11 (full 1):
 PSYoungGen      total 192000K, used 10227K [0x00000000d5e00000, 0x00000000e2f00000, 0x0000000100000000)
  eden space 181760K, 0% used [0x00000000d5e00000,0x00000000d5e00000,0x00000000e0f80000)
  from space 10240K, 99% used [0x00000000e1b80000,0x00000000e257cf98,0x00000000e2580000)
  to   space 12288K, 0% used [0x00000000e0f80000,0x00000000e0f80000,0x00000000e1b80000)
 ParOldGen       total 45056K, used 11477K [0x0000000081a00000, 0x0000000084600000, 0x00000000d5e00000)
  object space 45056K, 25% used [0x0000000081a00000,0x0000000082535488,0x0000000084600000)
 Metaspace       used 33436K, capacity 35440K, committed 35496K, reserved 1079296K
  class space    used 4436K, capacity 4808K, committed 4864K, reserved 1048576K
}
Event: 15.597 GC heap before
{Heap before GC invocations=12 (full 2):
 PSYoungGen      total 192000K, used 10227K [0x00000000d5e00000, 0x00000000e2f00000, 0x0000000100000000)
  eden space 181760K, 0% used [0x00000000d5e00000,0x00000000d5e00000,0x00000000e0f80000)
  from space 10240K, 99% used [0x00000000e1b80000,0x00000000e257cf98,0x00000000e2580000)
  to   space 12288K, 0% used [0x00000000e0f80000,0x00000000e0f80000,0x00000000e1b80000)
 ParOldGen       total 45056K, used 11477K [0x0000000081a00000, 0x0000000084600000, 0x00000000d5e00000)
  object space 45056K, 25% used [0x0000000081a00000,0x0000000082535488,0x0000000084600000)
 Metaspace       used 33436K, capacity 35440K, committed 35496K, reserved 1079296K
  class space    used 4436K, capacity 4808K, committed 4864K, reserved 1048576K
Event: 15.672 GC heap after
Heap after GC invocations=12 (full 2):
 PSYoungGen      total 192000K, used 0K [0x00000000d5e00000, 0x00000000e2f00000, 0x0000000100000000)
  eden space 181760K, 0% used [0x00000000d5e00000,0x00000000d5e00000,0x00000000e0f80000)
  from space 10240K, 0% used [0x00000000e1b80000,0x00000000e1b80000,0x00000000e2580000)
  to   space 12288K, 0% used [0x00000000e0f80000,0x00000000e0f80000,0x00000000e1b80000)
 ParOldGen       total 68096K, used 16795K [0x0000000081a00000, 0x0000000085c80000, 0x00000000d5e00000)
  object space 68096K, 24% used [0x0000000081a00000,0x0000000082a66e10,0x0000000085c80000)
 Metaspace       used 33436K, capacity 35440K, committed 35496K, reserved 1079296K
  class space    used 4436K, capacity 4808K, committed 4864K, reserved 1048576K
}
Event: 20.542 GC heap before
{Heap before GC invocations=13 (full 2):
 PSYoungGen      total 192000K, used 181760K [0x00000000d5e00000, 0x00000000e2f00000, 0x0000000100000000)
  eden space 181760K, 100% used [0x00000000d5e00000,0x00000000e0f80000,0x00000000e0f80000)
  from space 10240K, 0% used [0x00000000e1b80000,0x00000000e1b80000,0x00000000e2580000)
  to   space 12288K, 0% used [0x00000000e0f80000,0x00000000e0f80000,0x00000000e1b80000)
 ParOldGen       total 68096K, used 16795K [0x0000000081a00000, 0x0000000085c80000, 0x00000000d5e00000)
  object space 68096K, 24% used [0x0000000081a00000,0x0000000082a66e10,0x0000000085c80000)
 Metaspace       used 38257K, capacity 40960K, committed 41088K, reserved 1085440K
  class space    used 5253K, capacity 5748K, committed 5760K, reserved 1048576K
Event: 20.572 GC heap after
Heap after GC invocations=13 (full 2):
 PSYoungGen      total 194048K, used 9944K [0x00000000d5e00000, 0x00000000e7280000, 0x0000000100000000)
  eden space 181760K, 0% used [0x00000000d5e00000,0x00000000d5e00000,0x00000000e0f80000)
  from space 12288K, 80% used [0x00000000e0f80000,0x00000000e1936350,0x00000000e1b80000)
  to   space 12800K, 0% used [0x00000000e6600000,0x00000000e6600000,0x00000000e7280000)
 ParOldGen       total 68096K, used 16803K [0x0000000081a00000, 0x0000000085c80000, 0x00000000d5e00000)
  object space 68096K, 24% used [0x0000000081a00000,0x0000000082a68e10,0x0000000085c80000)
 Metaspace       used 38257K, capacity 40960K, committed 41088K, reserved 1085440K
  class space    used 5253K, capacity 5748K, committed 5760K, reserved 1048576K
}
Event: 35.698 GC heap before
{Heap before GC invocations=14 (full 2):
 PSYoungGen      total 194048K, used 191704K [0x00000000d5e00000, 0x00000000e7280000, 0x0000000100000000)
  eden space 181760K, 100% used [0x00000000d5e00000,0x00000000e0f80000,0x00000000e0f80000)
  from space 12288K, 80% used [0x00000000e0f80000,0x00000000e1936350,0x00000000e1b80000)
  to   space 12800K, 0% used [0x00000000e6600000,0x00000000e6600000,0x00000000e7280000)
 ParOldGen       total 68096K, used 16803K [0x0000000081a00000, 0x0000000085c80000, 0x00000000d5e00000)
  object space 68096K, 24% used [0x0000000081a00000,0x0000000082a68e10,0x0000000085c80000)
 Metaspace       used 45715K, capacity 48760K, committed 49152K, reserved 1091584K
  class space    used 6255K, capacity 6800K, committed 6912K, reserved 1048576K
Event: 35.723 GC heap after
Heap after GC invocations=14 (full 2):
 PSYoungGen      total 263680K, used 12002K [0x00000000d5e00000, 0x00000000e7200000, 0x0000000100000000)
  eden space 251392K, 0% used [0x00000000d5e00000,0x00000000d5e00000,0x00000000e5380000)
  from space 12288K, 97% used [0x00000000e6600000,0x00000000e71b8958,0x00000000e7200000)
  to   space 14336K, 0% used [0x00000000e5600000,0x00000000e5600000,0x00000000e6400000)
 ParOldGen       total 68096K, used 22971K [0x0000000081a00000, 0x0000000085c80000, 0x00000000d5e00000)
  object space 68096K, 33% used [0x0000000081a00000,0x000000008306ee30,0x0000000085c80000)
 Metaspace       used 45715K, capacity 48760K, committed 49152K, reserved 1091584K
  class space    used 6255K, capacity 6800K, committed 6912K, reserved 1048576K
}

